# CPace Go 1.26.3 fuzz worktree status transcript
created_utc=2026-05-08T17:58:07Z

## m4mini.local
$ pwd
/Users/josh/code/fuzz/cpace-1h-go1263-m4mini-20260508T090916Z/repo
$ git rev-parse HEAD
737bc56ffba81e2df5e9caa0df1ff180bfdb594b
$ git status --short --branch
## HEAD (no branch)
$ git diff --exit-code --stat
$ go env GOOS GOARCH
darwin
arm64
$ go version
go version go1.26.3 darwin/arm64
$ task --version
3.50.0

## iMacPro.local
$ pwd
/Users/josh/code/fuzz/cpace-1h-go1263-imacpro-20260508T090916Z/repo
$ git rev-parse HEAD
737bc56ffba81e2df5e9caa0df1ff180bfdb594b
$ git status --short --branch
## HEAD (no branch)
$ git diff --exit-code --stat
$ go env GOOS GOARCH
darwin
amd64
$ go version
go version go1.26.3 darwin/amd64
$ task --version
3.50.0
